TN:
SF:script/DeployLottery.s.sol
DA:34,16
FN:34,DeployLottery.run
FNDA:16,DeployLottery.run
DA:35,16
DA:36,16
DA:37,16
DA:40,16
BRDA:40,0,0,-
DA:41,0
DA:42,0
DA:45,0
DA:46,0
DA:50,0
DA:54,16
DA:55,16
DA:63,16
DA:66,16
DA:67,16
FNF:1
FNH:1
LF:15
LH:10
BRF:1
BRH:0
end_of_record
TN:
SF:script/HelperConfig.s.sol
DA:53,16
FN:53,HelperConfig.constructor
FNDA:16,HelperConfig.constructor
DA:54,16
DA:55,16
DA:56,16
DA:60,32
FN:60,HelperConfig.getConfig
FNDA:32,HelperConfig.getConfig
DA:61,32
DA:64,0
FN:64,HelperConfig.setConfig
FNDA:0,HelperConfig.setConfig
DA:68,0
DA:71,0
FN:71,HelperConfig.getConfigByChainId
FNDA:0,HelperConfig.getConfigByChainId
DA:74,32
BRDA:74,0,0,-
BRDA:74,0,1,-
DA:75,0
DA:76,32
BRDA:76,1,0,32
BRDA:76,1,1,-
DA:77,32
DA:79,0
DA:83,16
FN:83,HelperConfig.getMainnetEthConfig
FNDA:16,HelperConfig.getMainnetEthConfig
DA:88,16
DA:100,16
FN:100,HelperConfig.getSepoliaEthConfig
FNDA:16,HelperConfig.getSepoliaEthConfig
DA:105,16
DA:117,16
FN:117,HelperConfig.getPolygonAmoyConfig
FNDA:16,HelperConfig.getPolygonAmoyConfig
DA:122,16
DA:134,0
FN:134,HelperConfig.getOrCreateAnvilEthConfig
FNDA:0,HelperConfig.getOrCreateAnvilEthConfig
DA:136,32
BRDA:136,2,0,16
DA:137,16
DA:140,16
DA:141,16
DA:142,16
DA:143,16
DA:148,16
DA:149,16
DA:150,16
DA:152,16
DA:162,16
DA:163,16
FNF:8
FNH:5
LF:33
LH:27
BRF:5
BRH:2
end_of_record
TN:
SF:script/Interactions.s.sol
DA:13,0
FN:13,CreateSubscription.createSubscriptionUsingConfig
FNDA:0,CreateSubscription.createSubscriptionUsingConfig
DA:14,0
DA:15,0
DA:16,0
DA:17,0
DA:20,0
FN:20,CreateSubscription.createSubscription
FNDA:0,CreateSubscription.createSubscription
DA:21,0
DA:22,0
DA:23,0
DA:24,0
DA:25,0
DA:26,0
DA:27,0
DA:30,0
FN:30,CreateSubscription.run
FNDA:0,CreateSubscription.run
DA:31,0
DA:36,16
FN:36,AddConsumer.addConsumer
FNDA:16,AddConsumer.addConsumer
DA:37,16
DA:38,16
DA:39,16
DA:40,16
DA:41,16
DA:42,16
DA:45,0
FN:45,AddConsumer.addConsumerUsingConfig
FNDA:0,AddConsumer.addConsumerUsingConfig
DA:46,0
DA:47,0
DA:48,0
DA:49,0
DA:51,0
DA:54,0
FN:54,AddConsumer.run
FNDA:0,AddConsumer.run
DA:55,0
DA:56,0
DA:63,0
FN:63,FundSubscription.fundSubscriptionUsingConfig
FNDA:0,FundSubscription.fundSubscriptionUsingConfig
DA:64,0
DA:65,0
DA:66,0
DA:67,0
DA:68,0
DA:70,0
BRDA:70,0,0,-
DA:71,0
DA:72,0
DA:73,0
DA:74,0
DA:75,0
DA:78,0
DA:81,0
FN:81,FundSubscription.fundSubscription
FNDA:0,FundSubscription.fundSubscription
DA:82,0
DA:83,0
DA:84,0
DA:85,0
BRDA:85,1,0,-
BRDA:85,1,1,-
DA:86,0
DA:87,0
DA:88,0
DA:90,0
DA:91,0
DA:92,0
DA:93,0
DA:94,0
DA:95,0
DA:96,0
DA:100,0
FN:100,FundSubscription.run
FNDA:0,FundSubscription.run
DA:101,0
FNF:9
FNH:1
LF:61
LH:7
BRF:3
BRH:0
end_of_record
TN:
SF:src/Lottery.sol
DA:108,16
FN:108,Lottery.constructor
FNDA:16,Lottery.constructor
DA:116,16
DA:117,16
DA:118,16
DA:119,16
DA:120,16
DA:121,16
DA:122,16
DA:135,17
FN:135,Lottery.enterLottery
FNDA:17,Lottery.enterLottery
DA:136,17
BRDA:136,0,0,1
DA:137,1
DA:139,16
BRDA:139,1,0,1
DA:140,1
DA:142,15
DA:143,15
DA:159,4
FN:159,Lottery.checkUpkeep
FNDA:4,Lottery.checkUpkeep
DA:165,10
DA:166,10
DA:167,10
DA:168,10
DA:169,10
DA:170,10
DA:187,6
FN:187,Lottery.performUpkeep
FNDA:6,Lottery.performUpkeep
DA:188,6
DA:189,6
BRDA:189,2,0,1
DA:190,1
DA:193,5
DA:195,5
DA:207,5
DA:227,1
FN:227,Lottery.fulfillRandomWords
FNDA:1,Lottery.fulfillRandomWords
DA:229,1
DA:230,1
DA:231,1
DA:232,1
DA:233,1
DA:234,1
DA:235,1
DA:236,1
DA:237,1
BRDA:237,3,0,-
DA:238,0
DA:250,5
FN:250,Lottery.getLotteryState
FNDA:5,Lottery.getLotteryState
DA:251,5
DA:258,0
FN:258,Lottery.getNumWords
FNDA:0,Lottery.getNumWords
DA:259,0
DA:266,0
FN:266,Lottery.getRequestConfirmations
FNDA:0,Lottery.getRequestConfirmations
DA:267,0
DA:274,1
FN:274,Lottery.getRecentWinner
FNDA:1,Lottery.getRecentWinner
DA:275,1
DA:284,1
FN:284,Lottery.getPlayer
FNDA:1,Lottery.getPlayer
DA:285,1
DA:292,2
FN:292,Lottery.getLastTimeStamp
FNDA:2,Lottery.getLastTimeStamp
DA:293,2
DA:300,0
FN:300,Lottery.getInterval
FNDA:0,Lottery.getInterval
DA:301,0
DA:308,0
FN:308,Lottery.getEntranceFee
FNDA:0,Lottery.getEntranceFee
DA:309,0
DA:316,0
FN:316,Lottery.getNumberOfPlayers
FNDA:0,Lottery.getNumberOfPlayers
DA:317,0
FNF:14
FNH:9
LF:58
LH:47
BRF:4
BRH:3
end_of_record
TN:
SF:test/mocks/LinkToken.sol
DA:15,16
FN:15,LinkToken.constructor
FNDA:16,LinkToken.constructor
DA:16,16
DA:19,14
FN:19,LinkToken.mint
FNDA:14,LinkToken.mint
DA:20,14
DA:31,0
FN:31,LinkToken.transferAndCall
FNDA:0,LinkToken.transferAndCall
DA:32,0
DA:34,0
DA:35,0
BRDA:35,0,0,-
DA:36,0
DA:38,0
DA:43,0
FN:43,LinkToken.contractFallback
FNDA:0,LinkToken.contractFallback
DA:44,0
DA:45,0
DA:48,0
FN:48,LinkToken.isContract
FNDA:0,LinkToken.isContract
DA:49,0
DA:51,0
DA:53,0
FNF:5
FNH:2
LF:17
LH:4
BRF:1
BRH:0
end_of_record
